<?xml version="1.0" encoding="UTF-8"?>
<!-- Generated by org.testng.reporters.JUnitXMLReporter -->
<testsuite ignored="0" hostname="LAPTOP-G67TU0C1" failures="1" tests="1" name="HorizontalSliderTests" time="5.357" errors="0" timestamp="2023-09-06T12:08:31 CST">
  <testcase classname="com.herokuapp.theinternet.horizontalslidertest.HorizontalSliderTest" name="horizontalSliderTest" time="2.576">
    <failure type="java.lang.AssertionError" message="Actual text is different from expected. Actual value: 2.5 expected text: 60 expected [true] but found [false]">
      <![CDATA[java.lang.AssertionError: Actual text is different from expected. Actual value: 2.5 expected text: 60 expected [true] but found [false]
at com.herokuapp.theinternet.horizontalslidertest.HorizontalSliderTest.horizontalSliderTest(HorizontalSliderTest.java:31)
at java.base/java.util.ArrayList.forEach(ArrayList.java:1541)
... Removed 30 stack frames]]>
    </failure>
  </testcase> <!-- horizontalSliderTest -->
</testsuite> <!-- HorizontalSliderTests -->
