<?xml version="1.0" encoding="UTF-8"?>
<!-- Generated by org.testng.reporters.JUnitXMLReporter -->
<testsuite ignored="0" hostname="LAPTOP-G67TU0C1" failures="0" tests="4" name="File Upload" time="37.314" errors="0" timestamp="2023-09-20T11:48:20 CST">
  <testcase classname="com.herokuapp.theinternet.fileuploadtest.FileUploadTest" name="uploadFileTest" time="6.534"/>
  <testcase classname="com.herokuapp.theinternet.fileuploadtest.FileUploadTest" name="uploadFileTest" time="5.813"/>
  <testcase classname="com.herokuapp.theinternet.fileuploadtest.FileUploadTest" name="uploadFileTest" time="7.399"/>
  <testcase classname="com.herokuapp.theinternet.fileuploadtest.FileUploadTest" name="uploadFileTest" time="7.94"/>
</testsuite> <!-- File Upload -->
