<?xml version="1.0" encoding="UTF-8"?>
<!-- Generated by org.testng.reporters.JUnitXMLReporter -->
<testsuite ignored="0" hostname="LAPTOP-G67TU0C1" failures="0" tests="3" name="KeyPress" time="10.549" errors="0" timestamp="2023-08-21T20:30:22 CST">
  <testcase classname="com.herokuapp.theinternet.keypresstest.KeyPressTest" name="keyPressedTest" time="1.897"/>
  <testcase classname="com.herokuapp.theinternet.keypresstest.KeyPressTest" name="keyPressedWithActionSpecificKeyTest" time="1.813"/>
  <testcase classname="com.herokuapp.theinternet.keypresstest.KeyPressTest" name="keyPressedWithActionTest" time="1.742"/>
</testsuite> <!-- KeyPress -->
