<?xml version="1.0" encoding="UTF-8"?>
<!-- Generated by org.testng.reporters.JUnitXMLReporter -->
<testsuite ignored="0" hostname="LAPTOP-G67TU0C1" failures="0" tests="3" name="Surefire test" time="16.336" errors="0" timestamp="2023-05-23T14:23:40 CST">
  <testcase classname="com.herokuapp.theinternet.NegativeTests" name="negativePassword" time="9.739"/>
  <testcase classname="com.herokuapp.theinternet.NegativeTests" name="negativeUsernameTest" time="3.213"/>
  <testcase classname="com.herokuapp.theinternet.PositiveTests" name="loginTest" time="3.329"/>
</testsuite> <!-- Surefire test -->
