<?xml version="1.0" encoding="UTF-8"?>
<!-- Generated by org.testng.reporters.JUnitXMLReporter -->
<testsuite ignored="1" hostname="LAPTOP-G67TU0C1" failures="0" tests="1" name="NegativeTests" time="4.149" errors="0" timestamp="2023-07-21T19:01:29 CST">
  <testcase classname="com.herokuapp.theinternet.loginpagetest.NegativeLoginTests" name="negativeUsernameTest" time="4.093"/>
  <testcase classname="com.herokuapp.theinternet.loginpagetest.NegativeLoginTests" name="negativePasswordTest" time="0.0">
    <ignored/>
  </testcase> <!-- negativePasswordTest -->
</testsuite> <!-- NegativeTests -->
