<?xml version="1.0" encoding="UTF-8"?>
<!-- Generated by org.testng.reporters.JUnitXMLReporter -->
<testsuite ignored="0" hostname="LAPTOP-G67TU0C1" failures="0" tests="3" name="Regression1" time="18.495" errors="0" timestamp="2023-05-30T11:19:52 CST">
  <testcase classname="com.herokuapp.theinternet.NegativeTests" name="negativePasswordTest" time="8.23"/>
  <testcase classname="com.herokuapp.theinternet.NegativeTests" name="negativeUsernameTest" time="6.394"/>
  <testcase classname="com.herokuapp.theinternet.PositiveTests" name="loginTest" time="3.811"/>
</testsuite> <!-- Regression1 -->
