<?xml version="1.0" encoding="UTF-8"?>
<!-- Generated by org.testng.reporters.JUnitXMLReporter -->
<testsuite ignored="0" hostname="LAPTOP-G67TU0C1" failures="0" tests="3" name="AllTests" time="14.162" errors="0" timestamp="2023-07-20T16:32:19 CST">
  <testcase classname="com.herokuapp.theinternet.loginpagetest.NegativeLoginTests" name="negativeUsernameTest" time="4.005"/>
  <testcase classname="com.herokuapp.theinternet.loginpagetest.NegativeLoginTests" name="negativePasswordTest" time="4.605"/>
  <testcase classname="com.herokuapp.theinternet.loginpagetest.PositiveLoginTests" name="loginTest" time="5.483"/>
</testsuite> <!-- AllTests -->
