<?xml version="1.0" encoding="UTF-8"?>
<testng-results ignored="1" total="3" passed="2" failed="0" skipped="0">
  <reporter-output>
  </reporter-output>
  <suite started-at="2023-05-31T15:55:20 CST" name="AllTests" finished-at="2023-05-31T15:55:37 CST" duration-ms="17571">
    <groups>
    </groups>
    <test started-at="2023-05-31T15:55:20 CST" name="AllTests" finished-at="2023-05-31T15:55:37 CST" duration-ms="17571">
      <class name="com.herokuapp.theinternet.NegativeTests">
        <test-method signature="negativeUsernameTest()[pri:1, instance:com.herokuapp.theinternet.NegativeTests@1151e434]" started-at="2023-05-31T15:55:20 CST" name="negativeUsernameTest" finished-at="2023-05-31T15:55:26 CST" duration-ms="6000" status="PASS">
          <reporter-output>
          </reporter-output>
        </test-method> <!-- negativeUsernameTest -->
      </class> <!-- com.herokuapp.theinternet.NegativeTests -->
      <class name="com.herokuapp.theinternet.PositiveTests">
        <test-method signature="loginTest()[pri:1, instance:com.herokuapp.theinternet.PositiveTests@52b1beb6]" started-at="2023-05-31T15:55:26 CST" name="loginTest" finished-at="2023-05-31T15:55:37 CST" duration-ms="11512" status="PASS">
          <reporter-output>
          </reporter-output>
        </test-method> <!-- loginTest -->
      </class> <!-- com.herokuapp.theinternet.PositiveTests -->
    </test> <!-- AllTests -->
  </suite> <!-- AllTests -->
</testng-results>
