<?xml version="1.0" encoding="UTF-8"?>
<testng-results ignored="9" total="32" passed="23" failed="0" skipped="0">
  <reporter-output>
  </reporter-output>
  <suite started-at="2023-08-10T00:21:36 CST" name="NegativeTestsSuite" finished-at="2023-08-10T00:21:39 CST" duration-ms="2906">
    <groups>
      <group name="smokeTests">
        <method signature="NegativeLoginTests.negativeUsernameTest()[pri:1, instance:com.herokuapp.theinternet.loginpagetest.NegativeLoginTests@4e5ed836]" name="negativeUsernameTest" class="com.herokuapp.theinternet.loginpagetest.NegativeLoginTests"/>
      </group> <!-- smokeTests -->
      <group name="negativeTests">
        <method signature="NegativeLoginTests.negativeUsernameTest()[pri:1, instance:com.herokuapp.theinternet.loginpagetest.NegativeLoginTests@4e5ed836]" name="negativeUsernameTest" class="com.herokuapp.theinternet.loginpagetest.NegativeLoginTests"/>
      </group> <!-- negativeTests -->
    </groups>
    <test started-at="2023-08-10T00:21:36 CST" name="NegativeTests" finished-at="2023-08-10T00:21:39 CST" duration-ms="2906">
      <class name="com.herokuapp.theinternet.loginpagetest.NegativeLoginTests">
        <test-method is-config="true" signature="setUp(java.lang.String,org.testng.ITestContext)[pri:0, instance:com.herokuapp.theinternet.loginpagetest.NegativeLoginTests@4e5ed836]" started-at="2023-08-10T00:21:36 CST" name="setUp" finished-at="2023-08-10T00:21:37 CST" duration-ms="976" status="PASS">
          <params>
            <param index="0">
              <value>
                <![CDATA[chrome]]>
              </value>
            </param>
            <param index="1">
              <value>
                <![CDATA[org.testng.TestRunner@344561e0]]>
              </value>
            </param>
          </params>
          <reporter-output>
          </reporter-output>
        </test-method> <!-- setUp -->
        <test-method signature="negativeUsernameTest()[pri:1, instance:com.herokuapp.theinternet.loginpagetest.NegativeLoginTests@4e5ed836]" started-at="2023-08-10T00:21:37 CST" name="negativeUsernameTest" finished-at="2023-08-10T00:21:39 CST" duration-ms="1926" status="PASS">
          <reporter-output>
          </reporter-output>
        </test-method> <!-- negativeUsernameTest -->
        <test-method is-config="true" signature="tearDown()[pri:0, instance:com.herokuapp.theinternet.loginpagetest.NegativeLoginTests@4e5ed836]" started-at="2023-08-10T00:21:39 CST" name="tearDown" finished-at="2023-08-10T00:21:39 CST" duration-ms="0" status="PASS">
          <reporter-output>
          </reporter-output>
        </test-method> <!-- tearDown -->
      </class> <!-- com.herokuapp.theinternet.loginpagetest.NegativeLoginTests -->
    </test> <!-- NegativeTests -->
  </suite> <!-- NegativeTestsSuite -->
  <suite started-at="2023-08-10T00:20:58 CST" name="NegativeLogInTestSuite" finished-at="2023-08-10T00:21:24 CST" duration-ms="26286">
    <groups>
      <group name="smokeTests">
        <method signature="NegativeLoginTests.negativeUsernameTest()[pri:1, instance:com.herokuapp.theinternet.loginpagetest.NegativeLoginTests@3f4faf53]" name="negativeUsernameTest" class="com.herokuapp.theinternet.loginpagetest.NegativeLoginTests"/>
        <method signature="NegativeLoginTests.negativeUsernameTest()[pri:1, instance:com.herokuapp.theinternet.loginpagetest.NegativeLoginTests@4d0d9fe7]" name="negativeUsernameTest" class="com.herokuapp.theinternet.loginpagetest.NegativeLoginTests"/>
        <method signature="NegativeLoginTests.negativeUsernameTest()[pri:1, instance:com.herokuapp.theinternet.loginpagetest.NegativeLoginTests@72bc6553]" name="negativeUsernameTest" class="com.herokuapp.theinternet.loginpagetest.NegativeLoginTests"/>
        <method signature="NegativeLoginTests.negativeUsernameTest()[pri:1, instance:com.herokuapp.theinternet.loginpagetest.NegativeLoginTests@4bdeaabb]" name="negativeUsernameTest" class="com.herokuapp.theinternet.loginpagetest.NegativeLoginTests"/>
      </group> <!-- smokeTests -->
      <group name="negativeTests">
        <method signature="NegativeLoginTests.negativeUsernameTest()[pri:1, instance:com.herokuapp.theinternet.loginpagetest.NegativeLoginTests@3f4faf53]" name="negativeUsernameTest" class="com.herokuapp.theinternet.loginpagetest.NegativeLoginTests"/>
        <method signature="NegativeLoginTests.negativePasswordTest()[pri:2, instance:com.herokuapp.theinternet.loginpagetest.NegativeLoginTests@3f4faf53]" name="negativePasswordTest" class="com.herokuapp.theinternet.loginpagetest.NegativeLoginTests"/>
        <method signature="NegativeLoginTests.negativeUsernameTest()[pri:1, instance:com.herokuapp.theinternet.loginpagetest.NegativeLoginTests@4d0d9fe7]" name="negativeUsernameTest" class="com.herokuapp.theinternet.loginpagetest.NegativeLoginTests"/>
        <method signature="NegativeLoginTests.negativePasswordTest()[pri:2, instance:com.herokuapp.theinternet.loginpagetest.NegativeLoginTests@4d0d9fe7]" name="negativePasswordTest" class="com.herokuapp.theinternet.loginpagetest.NegativeLoginTests"/>
        <method signature="NegativeLoginTests.negativeUsernameTest()[pri:1, instance:com.herokuapp.theinternet.loginpagetest.NegativeLoginTests@72bc6553]" name="negativeUsernameTest" class="com.herokuapp.theinternet.loginpagetest.NegativeLoginTests"/>
        <method signature="NegativeLoginTests.negativePasswordTest()[pri:2, instance:com.herokuapp.theinternet.loginpagetest.NegativeLoginTests@72bc6553]" name="negativePasswordTest" class="com.herokuapp.theinternet.loginpagetest.NegativeLoginTests"/>
        <method signature="NegativeLoginTests.negativeUsernameTest()[pri:1, instance:com.herokuapp.theinternet.loginpagetest.NegativeLoginTests@4bdeaabb]" name="negativeUsernameTest" class="com.herokuapp.theinternet.loginpagetest.NegativeLoginTests"/>
        <method signature="NegativeLoginTests.negativePasswordTest()[pri:2, instance:com.herokuapp.theinternet.loginpagetest.NegativeLoginTests@4bdeaabb]" name="negativePasswordTest" class="com.herokuapp.theinternet.loginpagetest.NegativeLoginTests"/>
      </group> <!-- negativeTests -->
    </groups>
    <test started-at="2023-08-10T00:20:58 CST" name="NegativeUsernameTest-CH" finished-at="2023-08-10T00:21:22 CST" duration-ms="24196">
      <class name="com.herokuapp.theinternet.loginpagetest.NegativeLoginTests">
        <test-method is-config="true" signature="setUp(java.lang.String,org.testng.ITestContext)[pri:0, instance:com.herokuapp.theinternet.loginpagetest.NegativeLoginTests@3f4faf53]" started-at="2023-08-10T00:20:58 CST" name="setUp" finished-at="2023-08-10T00:20:59 CST" duration-ms="1531" status="PASS">
          <params>
            <param index="0">
              <value>
                <![CDATA[chrome]]>
              </value>
            </param>
            <param index="1">
              <value>
                <![CDATA[org.testng.TestRunner@52c8295b]]>
              </value>
            </param>
          </params>
          <reporter-output>
          </reporter-output>
        </test-method> <!-- setUp -->
        <test-method signature="negativeUsernameTest()[pri:1, instance:com.herokuapp.theinternet.loginpagetest.NegativeLoginTests@3f4faf53]" started-at="2023-08-10T00:20:59 CST" name="negativeUsernameTest" finished-at="2023-08-10T00:21:11 CST" duration-ms="11669" status="PASS">
          <reporter-output>
          </reporter-output>
        </test-method> <!-- negativeUsernameTest -->
        <test-method is-config="true" signature="setUp(java.lang.String,org.testng.ITestContext)[pri:0, instance:com.herokuapp.theinternet.loginpagetest.NegativeLoginTests@3f4faf53]" started-at="2023-08-10T00:21:11 CST" name="setUp" finished-at="2023-08-10T00:21:13 CST" duration-ms="2034" status="PASS">
          <params>
            <param index="0">
              <value>
                <![CDATA[chrome]]>
              </value>
            </param>
            <param index="1">
              <value>
                <![CDATA[org.testng.TestRunner@52c8295b]]>
              </value>
            </param>
          </params>
          <reporter-output>
          </reporter-output>
        </test-method> <!-- setUp -->
        <test-method is-config="true" signature="tearDown()[pri:0, instance:com.herokuapp.theinternet.loginpagetest.NegativeLoginTests@3f4faf53]" started-at="2023-08-10T00:21:11 CST" name="tearDown" finished-at="2023-08-10T00:21:11 CST" duration-ms="0" status="PASS">
          <reporter-output>
          </reporter-output>
        </test-method> <!-- tearDown -->
        <test-method signature="negativePasswordTest()[pri:2, instance:com.herokuapp.theinternet.loginpagetest.NegativeLoginTests@3f4faf53]" started-at="2023-08-10T00:21:13 CST" name="negativePasswordTest" finished-at="2023-08-10T00:21:22 CST" duration-ms="8958" status="PASS">
          <reporter-output>
          </reporter-output>
        </test-method> <!-- negativePasswordTest -->
        <test-method is-config="true" signature="tearDown()[pri:0, instance:com.herokuapp.theinternet.loginpagetest.NegativeLoginTests@3f4faf53]" started-at="2023-08-10T00:21:22 CST" name="tearDown" finished-at="2023-08-10T00:21:22 CST" duration-ms="0" status="PASS">
          <reporter-output>
          </reporter-output>
        </test-method> <!-- tearDown -->
      </class> <!-- com.herokuapp.theinternet.loginpagetest.NegativeLoginTests -->
    </test> <!-- NegativeUsernameTest-CH -->
    <test started-at="2023-08-10T00:20:58 CST" name="NegativePasswordTest-CH" finished-at="2023-08-10T00:21:22 CST" duration-ms="24266">
      <class name="com.herokuapp.theinternet.loginpagetest.NegativeLoginTests">
        <test-method is-config="true" signature="setUp(java.lang.String,org.testng.ITestContext)[pri:0, instance:com.herokuapp.theinternet.loginpagetest.NegativeLoginTests@72bc6553]" started-at="2023-08-10T00:20:58 CST" name="setUp" finished-at="2023-08-10T00:21:01 CST" duration-ms="3408" status="PASS">
          <params>
            <param index="0">
              <value>
                <![CDATA[chrome]]>
              </value>
            </param>
            <param index="1">
              <value>
                <![CDATA[org.testng.TestRunner@4d9d1b69]]>
              </value>
            </param>
          </params>
          <reporter-output>
          </reporter-output>
        </test-method> <!-- setUp -->
        <test-method signature="negativeUsernameTest()[pri:1, instance:com.herokuapp.theinternet.loginpagetest.NegativeLoginTests@72bc6553]" started-at="2023-08-10T00:21:01 CST" name="negativeUsernameTest" finished-at="2023-08-10T00:21:14 CST" duration-ms="12567" status="PASS">
          <reporter-output>
          </reporter-output>
        </test-method> <!-- negativeUsernameTest -->
        <test-method is-config="true" signature="tearDown()[pri:0, instance:com.herokuapp.theinternet.loginpagetest.NegativeLoginTests@72bc6553]" started-at="2023-08-10T00:21:14 CST" name="tearDown" finished-at="2023-08-10T00:21:14 CST" duration-ms="0" status="PASS">
          <reporter-output>
          </reporter-output>
        </test-method> <!-- tearDown -->
        <test-method is-config="true" signature="setUp(java.lang.String,org.testng.ITestContext)[pri:0, instance:com.herokuapp.theinternet.loginpagetest.NegativeLoginTests@72bc6553]" started-at="2023-08-10T00:21:14 CST" name="setUp" finished-at="2023-08-10T00:21:17 CST" duration-ms="3757" status="PASS">
          <params>
            <param index="0">
              <value>
                <![CDATA[chrome]]>
              </value>
            </param>
            <param index="1">
              <value>
                <![CDATA[org.testng.TestRunner@4d9d1b69]]>
              </value>
            </param>
          </params>
          <reporter-output>
          </reporter-output>
        </test-method> <!-- setUp -->
        <test-method signature="negativePasswordTest()[pri:2, instance:com.herokuapp.theinternet.loginpagetest.NegativeLoginTests@72bc6553]" started-at="2023-08-10T00:21:17 CST" name="negativePasswordTest" finished-at="2023-08-10T00:21:22 CST" duration-ms="4531" status="PASS">
          <reporter-output>
          </reporter-output>
        </test-method> <!-- negativePasswordTest -->
        <test-method is-config="true" signature="tearDown()[pri:0, instance:com.herokuapp.theinternet.loginpagetest.NegativeLoginTests@72bc6553]" started-at="2023-08-10T00:21:22 CST" name="tearDown" finished-at="2023-08-10T00:21:22 CST" duration-ms="0" status="PASS">
          <reporter-output>
          </reporter-output>
        </test-method> <!-- tearDown -->
      </class> <!-- com.herokuapp.theinternet.loginpagetest.NegativeLoginTests -->
    </test> <!-- NegativePasswordTest-CH -->
    <test started-at="2023-08-10T00:20:58 CST" name="NegativePasswordTest-FF" finished-at="2023-08-10T00:21:22 CST" duration-ms="24521">
      <class name="com.herokuapp.theinternet.loginpagetest.NegativeLoginTests">
        <test-method is-config="true" signature="setUp(java.lang.String,org.testng.ITestContext)[pri:0, instance:com.herokuapp.theinternet.loginpagetest.NegativeLoginTests@4bdeaabb]" started-at="2023-08-10T00:20:58 CST" name="setUp" finished-at="2023-08-10T00:21:04 CST" duration-ms="6844" status="PASS">
          <params>
            <param index="0">
              <value>
                <![CDATA[firefox]]>
              </value>
            </param>
            <param index="1">
              <value>
                <![CDATA[org.testng.TestRunner@36ac8a63]]>
              </value>
            </param>
          </params>
          <reporter-output>
          </reporter-output>
        </test-method> <!-- setUp -->
        <test-method signature="negativeUsernameTest()[pri:1, instance:com.herokuapp.theinternet.loginpagetest.NegativeLoginTests@4bdeaabb]" started-at="2023-08-10T00:21:04 CST" name="negativeUsernameTest" finished-at="2023-08-10T00:21:11 CST" duration-ms="6623" status="PASS">
          <reporter-output>
          </reporter-output>
        </test-method> <!-- negativeUsernameTest -->
        <test-method is-config="true" signature="setUp(java.lang.String,org.testng.ITestContext)[pri:0, instance:com.herokuapp.theinternet.loginpagetest.NegativeLoginTests@4bdeaabb]" started-at="2023-08-10T00:21:11 CST" name="setUp" finished-at="2023-08-10T00:21:17 CST" duration-ms="5434" status="PASS">
          <params>
            <param index="0">
              <value>
                <![CDATA[firefox]]>
              </value>
            </param>
            <param index="1">
              <value>
                <![CDATA[org.testng.TestRunner@36ac8a63]]>
              </value>
            </param>
          </params>
          <reporter-output>
          </reporter-output>
        </test-method> <!-- setUp -->
        <test-method is-config="true" signature="tearDown()[pri:0, instance:com.herokuapp.theinternet.loginpagetest.NegativeLoginTests@4bdeaabb]" started-at="2023-08-10T00:21:11 CST" name="tearDown" finished-at="2023-08-10T00:21:11 CST" duration-ms="0" status="PASS">
          <reporter-output>
          </reporter-output>
        </test-method> <!-- tearDown -->
        <test-method signature="negativePasswordTest()[pri:2, instance:com.herokuapp.theinternet.loginpagetest.NegativeLoginTests@4bdeaabb]" started-at="2023-08-10T00:21:17 CST" name="negativePasswordTest" finished-at="2023-08-10T00:21:22 CST" duration-ms="5613" status="PASS">
          <reporter-output>
          </reporter-output>
        </test-method> <!-- negativePasswordTest -->
        <test-method is-config="true" signature="tearDown()[pri:0, instance:com.herokuapp.theinternet.loginpagetest.NegativeLoginTests@4bdeaabb]" started-at="2023-08-10T00:21:22 CST" name="tearDown" finished-at="2023-08-10T00:21:22 CST" duration-ms="0" status="PASS">
          <reporter-output>
          </reporter-output>
        </test-method> <!-- tearDown -->
      </class> <!-- com.herokuapp.theinternet.loginpagetest.NegativeLoginTests -->
    </test> <!-- NegativePasswordTest-FF -->
    <test started-at="2023-08-10T00:20:58 CST" name="NegativeUsernameTest-FF" finished-at="2023-08-10T00:21:24 CST" duration-ms="26286">
      <class name="com.herokuapp.theinternet.loginpagetest.NegativeLoginTests">
        <test-method is-config="true" signature="setUp(java.lang.String,org.testng.ITestContext)[pri:0, instance:com.herokuapp.theinternet.loginpagetest.NegativeLoginTests@4d0d9fe7]" started-at="2023-08-10T00:20:58 CST" name="setUp" finished-at="2023-08-10T00:21:07 CST" duration-ms="8992" status="PASS">
          <params>
            <param index="0">
              <value>
                <![CDATA[firefox]]>
              </value>
            </param>
            <param index="1">
              <value>
                <![CDATA[org.testng.TestRunner@66d23e4a]]>
              </value>
            </param>
          </params>
          <reporter-output>
          </reporter-output>
        </test-method> <!-- setUp -->
        <test-method signature="negativeUsernameTest()[pri:1, instance:com.herokuapp.theinternet.loginpagetest.NegativeLoginTests@4d0d9fe7]" started-at="2023-08-10T00:21:07 CST" name="negativeUsernameTest" finished-at="2023-08-10T00:21:12 CST" duration-ms="4912" status="PASS">
          <reporter-output>
          </reporter-output>
        </test-method> <!-- negativeUsernameTest -->
        <test-method is-config="true" signature="tearDown()[pri:0, instance:com.herokuapp.theinternet.loginpagetest.NegativeLoginTests@4d0d9fe7]" started-at="2023-08-10T00:21:12 CST" name="tearDown" finished-at="2023-08-10T00:21:12 CST" duration-ms="0" status="PASS">
          <reporter-output>
          </reporter-output>
        </test-method> <!-- tearDown -->
        <test-method is-config="true" signature="setUp(java.lang.String,org.testng.ITestContext)[pri:0, instance:com.herokuapp.theinternet.loginpagetest.NegativeLoginTests@4d0d9fe7]" started-at="2023-08-10T00:21:12 CST" name="setUp" finished-at="2023-08-10T00:21:21 CST" duration-ms="8984" status="PASS">
          <params>
            <param index="0">
              <value>
                <![CDATA[firefox]]>
              </value>
            </param>
            <param index="1">
              <value>
                <![CDATA[org.testng.TestRunner@66d23e4a]]>
              </value>
            </param>
          </params>
          <reporter-output>
          </reporter-output>
        </test-method> <!-- setUp -->
        <test-method signature="negativePasswordTest()[pri:2, instance:com.herokuapp.theinternet.loginpagetest.NegativeLoginTests@4d0d9fe7]" started-at="2023-08-10T00:21:21 CST" name="negativePasswordTest" finished-at="2023-08-10T00:21:24 CST" duration-ms="3394" status="PASS">
          <reporter-output>
          </reporter-output>
        </test-method> <!-- negativePasswordTest -->
        <test-method is-config="true" signature="tearDown()[pri:0, instance:com.herokuapp.theinternet.loginpagetest.NegativeLoginTests@4d0d9fe7]" started-at="2023-08-10T00:21:24 CST" name="tearDown" finished-at="2023-08-10T00:21:24 CST" duration-ms="0" status="PASS">
          <reporter-output>
          </reporter-output>
        </test-method> <!-- tearDown -->
      </class> <!-- com.herokuapp.theinternet.loginpagetest.NegativeLoginTests -->
    </test> <!-- NegativeUsernameTest-FF -->
  </suite> <!-- NegativeLogInTestSuite -->
  <suite started-at="2023-08-10T00:21:49 CST" name="PositiveTests" finished-at="2023-08-10T00:21:54 CST" duration-ms="5100">
    <groups>
    </groups>
    <test started-at="2023-08-10T00:21:49 CST" name="PositiveLoginTests" finished-at="2023-08-10T00:21:54 CST" duration-ms="5100">
      <class name="com.herokuapp.theinternet.loginpagetest.PositiveLoginTests">
        <test-method is-config="true" signature="setUp(java.lang.String,org.testng.ITestContext)[pri:0, instance:com.herokuapp.theinternet.loginpagetest.PositiveLoginTests@26abb146]" started-at="2023-08-10T00:21:49 CST" name="setUp" finished-at="2023-08-10T00:21:50 CST" duration-ms="1076" status="PASS">
          <params>
            <param index="0">
              <value>
                <![CDATA[chrome]]>
              </value>
            </param>
            <param index="1">
              <value>
                <![CDATA[org.testng.TestRunner@251f7d26]]>
              </value>
            </param>
          </params>
          <reporter-output>
          </reporter-output>
        </test-method> <!-- setUp -->
        <test-method signature="loginTest()[pri:1, instance:com.herokuapp.theinternet.loginpagetest.PositiveLoginTests@26abb146]" started-at="2023-08-10T00:21:50 CST" name="loginTest" finished-at="2023-08-10T00:21:54 CST" duration-ms="3817" status="PASS">
          <reporter-output>
          </reporter-output>
        </test-method> <!-- loginTest -->
        <test-method is-config="true" signature="tearDown()[pri:0, instance:com.herokuapp.theinternet.loginpagetest.PositiveLoginTests@26abb146]" started-at="2023-08-10T00:21:54 CST" name="tearDown" finished-at="2023-08-10T00:21:54 CST" duration-ms="206" status="PASS">
          <reporter-output>
          </reporter-output>
        </test-method> <!-- tearDown -->
      </class> <!-- com.herokuapp.theinternet.loginpagetest.PositiveLoginTests -->
    </test> <!-- PositiveLoginTests -->
  </suite> <!-- PositiveTests -->
  <suite started-at="2023-08-10T00:20:33 CST" name="TestSuitesName" finished-at="2023-08-10T00:20:39 CST" duration-ms="5814">
    <groups>
      <group name="positiveTests">
        <method signature="LoginPOMTest.loginTest(java.lang.String,java.lang.String)[pri:1, instance:com.herokuapp.theinternet.loginpagetest.LoginPOMTest@196a42c3]" name="loginTest" class="com.herokuapp.theinternet.loginpagetest.LoginPOMTest"/>
      </group> <!-- positiveTests -->
      <group name="smokeTests">
        <method signature="LoginPOMTest.loginTest(java.lang.String,java.lang.String)[pri:1, instance:com.herokuapp.theinternet.loginpagetest.LoginPOMTest@196a42c3]" name="loginTest" class="com.herokuapp.theinternet.loginpagetest.LoginPOMTest"/>
      </group> <!-- smokeTests -->
    </groups>
    <test started-at="2023-08-10T00:20:33 CST" name="TestSuites" finished-at="2023-08-10T00:20:39 CST" duration-ms="5814">
      <class name="com.herokuapp.theinternet.loginpagetest.LoginPOMTest">
        <test-method is-config="true" signature="setUp(java.lang.String,org.testng.ITestContext)[pri:0, instance:com.herokuapp.theinternet.loginpagetest.LoginPOMTest@196a42c3]" started-at="2023-08-10T00:20:33 CST" name="setUp" finished-at="2023-08-10T00:20:36 CST" duration-ms="3152" status="PASS">
          <params>
            <param index="0">
              <value>
                <![CDATA[chrome]]>
              </value>
            </param>
            <param index="1">
              <value>
                <![CDATA[org.testng.TestRunner@77b21474]]>
              </value>
            </param>
          </params>
          <reporter-output>
          </reporter-output>
        </test-method> <!-- setUp -->
        <test-method signature="loginTest(java.lang.String,java.lang.String)[pri:1, instance:com.herokuapp.theinternet.loginpagetest.LoginPOMTest@196a42c3]" started-at="2023-08-10T00:20:36 CST" name="loginTest" finished-at="2023-08-10T00:20:39 CST" duration-ms="2362" status="PASS">
          <params>
            <param index="0">
              <value>
                <![CDATA[tomsmith]]>
              </value>
            </param>
            <param index="1">
              <value>
                <![CDATA[SuperSecretPassword!]]>
              </value>
            </param>
          </params>
          <reporter-output>
          </reporter-output>
        </test-method> <!-- loginTest -->
        <test-method is-config="true" signature="tearDown()[pri:0, instance:com.herokuapp.theinternet.loginpagetest.LoginPOMTest@196a42c3]" started-at="2023-08-10T00:20:39 CST" name="tearDown" finished-at="2023-08-10T00:20:39 CST" duration-ms="267" status="PASS">
          <reporter-output>
          </reporter-output>
        </test-method> <!-- tearDown -->
      </class> <!-- com.herokuapp.theinternet.loginpagetest.LoginPOMTest -->
    </test> <!-- TestSuites -->
  </suite> <!-- TestSuitesName -->
  <suite started-at="2023-08-10T00:20:51 CST" name="TestSuitesName (0)" finished-at="2023-08-10T00:20:58 CST" duration-ms="6653">
    <groups>
      <group name="positiveTests">
        <method signature="NegativeLoginPOMTest.negativeLoginTest(java.lang.String,java.lang.String,java.lang.String)[pri:1, instance:com.herokuapp.theinternet.loginpagetest.NegativeLoginPOMTest@305ffe9e]" name="negativeLoginTest" class="com.herokuapp.theinternet.loginpagetest.NegativeLoginPOMTest"/>
        <method signature="NegativeLoginPOMTest.negativeLoginTest(java.lang.String,java.lang.String,java.lang.String)[pri:1, instance:com.herokuapp.theinternet.loginpagetest.NegativeLoginPOMTest@35841320]" name="negativeLoginTest" class="com.herokuapp.theinternet.loginpagetest.NegativeLoginPOMTest"/>
      </group> <!-- positiveTests -->
      <group name="smokeTests">
        <method signature="NegativeLoginPOMTest.negativeLoginTest(java.lang.String,java.lang.String,java.lang.String)[pri:1, instance:com.herokuapp.theinternet.loginpagetest.NegativeLoginPOMTest@305ffe9e]" name="negativeLoginTest" class="com.herokuapp.theinternet.loginpagetest.NegativeLoginPOMTest"/>
        <method signature="NegativeLoginPOMTest.negativeLoginTest(java.lang.String,java.lang.String,java.lang.String)[pri:1, instance:com.herokuapp.theinternet.loginpagetest.NegativeLoginPOMTest@35841320]" name="negativeLoginTest" class="com.herokuapp.theinternet.loginpagetest.NegativeLoginPOMTest"/>
      </group> <!-- smokeTests -->
    </groups>
    <test started-at="2023-08-10T00:20:51 CST" name="Negative Login-username" finished-at="2023-08-10T00:20:54 CST" duration-ms="3447">
      <class name="com.herokuapp.theinternet.loginpagetest.NegativeLoginPOMTest">
        <test-method is-config="true" signature="setUp(java.lang.String,org.testng.ITestContext)[pri:0, instance:com.herokuapp.theinternet.loginpagetest.NegativeLoginPOMTest@305ffe9e]" started-at="2023-08-10T00:20:51 CST" name="setUp" finished-at="2023-08-10T00:20:52 CST" duration-ms="1028" status="PASS">
          <params>
            <param index="0">
              <value>
                <![CDATA[chrome]]>
              </value>
            </param>
            <param index="1">
              <value>
                <![CDATA[org.testng.TestRunner@52d10fb8]]>
              </value>
            </param>
          </params>
          <reporter-output>
          </reporter-output>
        </test-method> <!-- setUp -->
        <test-method signature="negativeLoginTest(java.lang.String,java.lang.String,java.lang.String)[pri:1, instance:com.herokuapp.theinternet.loginpagetest.NegativeLoginPOMTest@305ffe9e]" started-at="2023-08-10T00:20:52 CST" name="negativeLoginTest" finished-at="2023-08-10T00:20:54 CST" duration-ms="2217" status="PASS">
          <params>
            <param index="0">
              <value>
                <![CDATA[tomsmit]]>
              </value>
            </param>
            <param index="1">
              <value>
                <![CDATA[SuperSecretPassword!]]>
              </value>
            </param>
            <param index="2">
              <value>
                <![CDATA[Your username is invalid!]]>
              </value>
            </param>
          </params>
          <reporter-output>
          </reporter-output>
        </test-method> <!-- negativeLoginTest -->
        <test-method is-config="true" signature="tearDown()[pri:0, instance:com.herokuapp.theinternet.loginpagetest.NegativeLoginPOMTest@305ffe9e]" started-at="2023-08-10T00:20:54 CST" name="tearDown" finished-at="2023-08-10T00:20:54 CST" duration-ms="201" status="PASS">
          <reporter-output>
          </reporter-output>
        </test-method> <!-- tearDown -->
      </class> <!-- com.herokuapp.theinternet.loginpagetest.NegativeLoginPOMTest -->
    </test> <!-- Negative Login-username -->
    <test started-at="2023-08-10T00:20:54 CST" name="Negative Login-password" finished-at="2023-08-10T00:20:58 CST" duration-ms="3203">
      <class name="com.herokuapp.theinternet.loginpagetest.NegativeLoginPOMTest">
        <test-method is-config="true" signature="setUp(java.lang.String,org.testng.ITestContext)[pri:0, instance:com.herokuapp.theinternet.loginpagetest.NegativeLoginPOMTest@35841320]" started-at="2023-08-10T00:20:54 CST" name="setUp" finished-at="2023-08-10T00:20:55 CST" duration-ms="850" status="PASS">
          <params>
            <param index="0">
              <value>
                <![CDATA[chrome]]>
              </value>
            </param>
            <param index="1">
              <value>
                <![CDATA[org.testng.TestRunner@41c07648]]>
              </value>
            </param>
          </params>
          <reporter-output>
          </reporter-output>
        </test-method> <!-- setUp -->
        <test-method signature="negativeLoginTest(java.lang.String,java.lang.String,java.lang.String)[pri:1, instance:com.herokuapp.theinternet.loginpagetest.NegativeLoginPOMTest@35841320]" started-at="2023-08-10T00:20:55 CST" name="negativeLoginTest" finished-at="2023-08-10T00:20:57 CST" duration-ms="2161" status="PASS">
          <params>
            <param index="0">
              <value>
                <![CDATA[tomsmith]]>
              </value>
            </param>
            <param index="1">
              <value>
                <![CDATA[SuperSecretPassword]]>
              </value>
            </param>
            <param index="2">
              <value>
                <![CDATA[Your password is invalid!]]>
              </value>
            </param>
          </params>
          <reporter-output>
          </reporter-output>
        </test-method> <!-- negativeLoginTest -->
        <test-method is-config="true" signature="tearDown()[pri:0, instance:com.herokuapp.theinternet.loginpagetest.NegativeLoginPOMTest@35841320]" started-at="2023-08-10T00:20:57 CST" name="tearDown" finished-at="2023-08-10T00:20:58 CST" duration-ms="190" status="PASS">
          <reporter-output>
          </reporter-output>
        </test-method> <!-- tearDown -->
      </class> <!-- com.herokuapp.theinternet.loginpagetest.NegativeLoginPOMTest -->
    </test> <!-- Negative Login-password -->
  </suite> <!-- TestSuitesName (0) -->
  <suite started-at="2023-08-10T00:20:39 CST" name="LoginTests" finished-at="2023-08-10T00:20:51 CST" duration-ms="12029">
    <groups>
      <group name="positiveTests">
        <method signature="LoginTests.loginTest()[pri:1, instance:com.herokuapp.theinternet.loginpagetest.LoginTests@57a78e3]" name="loginTest" class="com.herokuapp.theinternet.loginpagetest.LoginTests"/>
      </group> <!-- positiveTests -->
      <group name="smokeTests">
        <method signature="LoginTests.loginTest()[pri:1, instance:com.herokuapp.theinternet.loginpagetest.LoginTests@57a78e3]" name="loginTest" class="com.herokuapp.theinternet.loginpagetest.LoginTests"/>
        <method signature="LoginTests.negativeLoginTest(java.lang.String,java.lang.String,java.lang.String)[pri:2, instance:com.herokuapp.theinternet.loginpagetest.LoginTests@2b40ff9c]" name="negativeLoginTest" class="com.herokuapp.theinternet.loginpagetest.LoginTests"/>
        <method signature="LoginTests.negativeLoginTest(java.lang.String,java.lang.String,java.lang.String)[pri:2, instance:com.herokuapp.theinternet.loginpagetest.LoginTests@24569dba]" name="negativeLoginTest" class="com.herokuapp.theinternet.loginpagetest.LoginTests"/>
      </group> <!-- smokeTests -->
      <group name="negativeTests">
        <method signature="LoginTests.negativeLoginTest(java.lang.String,java.lang.String,java.lang.String)[pri:2, instance:com.herokuapp.theinternet.loginpagetest.LoginTests@2b40ff9c]" name="negativeLoginTest" class="com.herokuapp.theinternet.loginpagetest.LoginTests"/>
        <method signature="LoginTests.negativeLoginTest(java.lang.String,java.lang.String,java.lang.String)[pri:2, instance:com.herokuapp.theinternet.loginpagetest.LoginTests@24569dba]" name="negativeLoginTest" class="com.herokuapp.theinternet.loginpagetest.LoginTests"/>
      </group> <!-- negativeTests -->
    </groups>
    <test started-at="2023-08-10T00:20:39 CST" name="LoginTests" finished-at="2023-08-10T00:20:42 CST" duration-ms="2962">
      <class name="com.herokuapp.theinternet.loginpagetest.LoginTests">
        <test-method is-config="true" signature="setUp(java.lang.String,org.testng.ITestContext)[pri:0, instance:com.herokuapp.theinternet.loginpagetest.LoginTests@57a78e3]" started-at="2023-08-10T00:20:39 CST" name="setUp" finished-at="2023-08-10T00:20:40 CST" duration-ms="955" status="PASS">
          <params>
            <param index="0">
              <value>
                <![CDATA[chrome]]>
              </value>
            </param>
            <param index="1">
              <value>
                <![CDATA[org.testng.TestRunner@1fe8d51b]]>
              </value>
            </param>
          </params>
          <reporter-output>
          </reporter-output>
        </test-method> <!-- setUp -->
        <test-method signature="loginTest()[pri:1, instance:com.herokuapp.theinternet.loginpagetest.LoginTests@57a78e3]" started-at="2023-08-10T00:20:40 CST" name="loginTest" finished-at="2023-08-10T00:20:42 CST" duration-ms="1755" status="PASS">
          <reporter-output>
          </reporter-output>
        </test-method> <!-- loginTest -->
        <test-method is-config="true" signature="tearDown()[pri:0, instance:com.herokuapp.theinternet.loginpagetest.LoginTests@57a78e3]" started-at="2023-08-10T00:20:42 CST" name="tearDown" finished-at="2023-08-10T00:20:42 CST" duration-ms="249" status="PASS">
          <reporter-output>
          </reporter-output>
        </test-method> <!-- tearDown -->
      </class> <!-- com.herokuapp.theinternet.loginpagetest.LoginTests -->
    </test> <!-- LoginTests -->
    <test started-at="2023-08-10T00:20:42 CST" name="NegativeUsernameTest" finished-at="2023-08-10T00:20:45 CST" duration-ms="3046">
      <class name="com.herokuapp.theinternet.loginpagetest.LoginTests">
        <test-method is-config="true" signature="setUp(java.lang.String,org.testng.ITestContext)[pri:0, instance:com.herokuapp.theinternet.loginpagetest.LoginTests@2b40ff9c]" started-at="2023-08-10T00:20:42 CST" name="setUp" finished-at="2023-08-10T00:20:43 CST" duration-ms="1005" status="PASS">
          <params>
            <param index="0">
              <value>
                <![CDATA[chrome]]>
              </value>
            </param>
            <param index="1">
              <value>
                <![CDATA[org.testng.TestRunner@781e7326]]>
              </value>
            </param>
          </params>
          <reporter-output>
          </reporter-output>
        </test-method> <!-- setUp -->
        <test-method signature="negativeLoginTest(java.lang.String,java.lang.String,java.lang.String)[pri:2, instance:com.herokuapp.theinternet.loginpagetest.LoginTests@2b40ff9c]" started-at="2023-08-10T00:20:43 CST" name="negativeLoginTest" finished-at="2023-08-10T00:20:45 CST" duration-ms="1835" status="PASS">
          <params>
            <param index="0">
              <value>
                <![CDATA[tommy]]>
              </value>
            </param>
            <param index="1">
              <value>
                <![CDATA[SuperSecretPassword!]]>
              </value>
            </param>
            <param index="2">
              <value>
                <![CDATA[Your username is invalid!]]>
              </value>
            </param>
          </params>
          <reporter-output>
          </reporter-output>
        </test-method> <!-- negativeLoginTest -->
        <test-method is-config="true" signature="tearDown()[pri:0, instance:com.herokuapp.theinternet.loginpagetest.LoginTests@2b40ff9c]" started-at="2023-08-10T00:20:45 CST" name="tearDown" finished-at="2023-08-10T00:20:45 CST" duration-ms="202" status="PASS">
          <reporter-output>
          </reporter-output>
        </test-method> <!-- tearDown -->
      </class> <!-- com.herokuapp.theinternet.loginpagetest.LoginTests -->
    </test> <!-- NegativeUsernameTest -->
    <test started-at="2023-08-10T00:20:45 CST" name="NegativePasswordTest" finished-at="2023-08-10T00:20:51 CST" duration-ms="6012">
      <class name="com.herokuapp.theinternet.loginpagetest.LoginTests">
        <test-method is-config="true" signature="setUp(java.lang.String,org.testng.ITestContext)[pri:0, instance:com.herokuapp.theinternet.loginpagetest.LoginTests@24569dba]" started-at="2023-08-10T00:20:45 CST" name="setUp" finished-at="2023-08-10T00:20:48 CST" duration-ms="3122" status="PASS">
          <params>
            <param index="0">
              <value>
                <![CDATA[firefox]]>
              </value>
            </param>
            <param index="1">
              <value>
                <![CDATA[org.testng.TestRunner@22680f52]]>
              </value>
            </param>
          </params>
          <reporter-output>
          </reporter-output>
        </test-method> <!-- setUp -->
        <test-method signature="negativeLoginTest(java.lang.String,java.lang.String,java.lang.String)[pri:2, instance:com.herokuapp.theinternet.loginpagetest.LoginTests@24569dba]" started-at="2023-08-10T00:20:48 CST" name="negativeLoginTest" finished-at="2023-08-10T00:20:50 CST" duration-ms="1854" status="PASS">
          <params>
            <param index="0">
              <value>
                <![CDATA[tomsmith]]>
              </value>
            </param>
            <param index="1">
              <value>
                <![CDATA[otherPassword]]>
              </value>
            </param>
            <param index="2">
              <value>
                <![CDATA[Your password is invalid!]]>
              </value>
            </param>
          </params>
          <reporter-output>
          </reporter-output>
        </test-method> <!-- negativeLoginTest -->
        <test-method is-config="true" signature="tearDown()[pri:0, instance:com.herokuapp.theinternet.loginpagetest.LoginTests@24569dba]" started-at="2023-08-10T00:20:50 CST" name="tearDown" finished-at="2023-08-10T00:20:51 CST" duration-ms="1033" status="PASS">
          <reporter-output>
          </reporter-output>
        </test-method> <!-- tearDown -->
      </class> <!-- com.herokuapp.theinternet.loginpagetest.LoginTests -->
    </test> <!-- NegativePasswordTest -->
  </suite> <!-- LoginTests -->
  <suite started-at="2023-08-10T00:20:33 CST" name="DebugTests" finished-at="2023-08-10T00:20:33 CST" duration-ms="12">
    <groups>
    </groups>
    <test started-at="2023-08-10T00:20:33 CST" name="DebugLoginTests" finished-at="2023-08-10T00:20:33 CST" duration-ms="12">
    </test> <!-- DebugLoginTests -->
  </suite> <!-- DebugTests -->
  <suite started-at="2023-08-10T00:21:39 CST" name="NegativeTestsSuite (0)" finished-at="2023-08-10T00:21:46 CST" duration-ms="6684">
    <groups>
      <group name="smokeTests">
        <method signature="NegativeLoginTests2.negativeLoginTest(java.lang.String,java.lang.String,java.lang.String)[pri:1, instance:com.herokuapp.theinternet.loginpagetest.NegativeLoginTests2@3cce5371]" name="negativeLoginTest" class="com.herokuapp.theinternet.loginpagetest.NegativeLoginTests2"/>
        <method signature="NegativeLoginTests2.negativeLoginTest(java.lang.String,java.lang.String,java.lang.String)[pri:1, instance:com.herokuapp.theinternet.loginpagetest.NegativeLoginTests2@5b38c1ec]" name="negativeLoginTest" class="com.herokuapp.theinternet.loginpagetest.NegativeLoginTests2"/>
      </group> <!-- smokeTests -->
      <group name="negativeTests">
        <method signature="NegativeLoginTests2.negativeLoginTest(java.lang.String,java.lang.String,java.lang.String)[pri:1, instance:com.herokuapp.theinternet.loginpagetest.NegativeLoginTests2@3cce5371]" name="negativeLoginTest" class="com.herokuapp.theinternet.loginpagetest.NegativeLoginTests2"/>
        <method signature="NegativeLoginTests2.negativeLoginTest(java.lang.String,java.lang.String,java.lang.String)[pri:1, instance:com.herokuapp.theinternet.loginpagetest.NegativeLoginTests2@5b38c1ec]" name="negativeLoginTest" class="com.herokuapp.theinternet.loginpagetest.NegativeLoginTests2"/>
      </group> <!-- negativeTests -->
    </groups>
    <test started-at="2023-08-10T00:21:39 CST" name="NegativeUsernameTest" finished-at="2023-08-10T00:21:46 CST" duration-ms="6606">
      <class name="com.herokuapp.theinternet.loginpagetest.NegativeLoginTests2">
        <test-method is-config="true" signature="setUp(java.lang.String,org.testng.ITestContext)[pri:0, instance:com.herokuapp.theinternet.loginpagetest.NegativeLoginTests2@3cce5371]" started-at="2023-08-10T00:21:39 CST" name="setUp" finished-at="2023-08-10T00:21:41 CST" duration-ms="1569" status="PASS">
          <params>
            <param index="0">
              <value>
                <![CDATA[chrome]]>
              </value>
            </param>
            <param index="1">
              <value>
                <![CDATA[org.testng.TestRunner@60d84f61]]>
              </value>
            </param>
          </params>
          <reporter-output>
          </reporter-output>
        </test-method> <!-- setUp -->
        <test-method signature="negativeLoginTest(java.lang.String,java.lang.String,java.lang.String)[pri:1, instance:com.herokuapp.theinternet.loginpagetest.NegativeLoginTests2@3cce5371]" started-at="2023-08-10T00:21:41 CST" name="negativeLoginTest" finished-at="2023-08-10T00:21:45 CST" duration-ms="4710" status="PASS">
          <params>
            <param index="0">
              <value>
                <![CDATA[tommy]]>
              </value>
            </param>
            <param index="1">
              <value>
                <![CDATA[SuperSecretPassword!]]>
              </value>
            </param>
            <param index="2">
              <value>
                <![CDATA[Your username is invalid!]]>
              </value>
            </param>
          </params>
          <reporter-output>
          </reporter-output>
        </test-method> <!-- negativeLoginTest -->
        <test-method is-config="true" signature="tearDown()[pri:0, instance:com.herokuapp.theinternet.loginpagetest.NegativeLoginTests2@3cce5371]" started-at="2023-08-10T00:21:45 CST" name="tearDown" finished-at="2023-08-10T00:21:46 CST" duration-ms="323" status="PASS">
          <reporter-output>
          </reporter-output>
        </test-method> <!-- tearDown -->
      </class> <!-- com.herokuapp.theinternet.loginpagetest.NegativeLoginTests2 -->
    </test> <!-- NegativeUsernameTest -->
    <test started-at="2023-08-10T00:21:39 CST" name="NegativePasswordTest" finished-at="2023-08-10T00:21:46 CST" duration-ms="6684">
      <class name="com.herokuapp.theinternet.loginpagetest.NegativeLoginTests2">
        <test-method is-config="true" signature="setUp(java.lang.String,org.testng.ITestContext)[pri:0, instance:com.herokuapp.theinternet.loginpagetest.NegativeLoginTests2@5b38c1ec]" started-at="2023-08-10T00:21:39 CST" name="setUp" finished-at="2023-08-10T00:21:40 CST" duration-ms="1320" status="PASS">
          <params>
            <param index="0">
              <value>
                <![CDATA[chrome]]>
              </value>
            </param>
            <param index="1">
              <value>
                <![CDATA[org.testng.TestRunner@39c11e6c]]>
              </value>
            </param>
          </params>
          <reporter-output>
          </reporter-output>
        </test-method> <!-- setUp -->
        <test-method signature="negativeLoginTest(java.lang.String,java.lang.String,java.lang.String)[pri:1, instance:com.herokuapp.theinternet.loginpagetest.NegativeLoginTests2@5b38c1ec]" started-at="2023-08-10T00:21:40 CST" name="negativeLoginTest" finished-at="2023-08-10T00:21:45 CST" duration-ms="5114" status="PASS">
          <params>
            <param index="0">
              <value>
                <![CDATA[tomsmith]]>
              </value>
            </param>
            <param index="1">
              <value>
                <![CDATA[otherPassword]]>
              </value>
            </param>
            <param index="2">
              <value>
                <![CDATA[Your password is invalid!]]>
              </value>
            </param>
          </params>
          <reporter-output>
          </reporter-output>
        </test-method> <!-- negativeLoginTest -->
        <test-method is-config="true" signature="tearDown()[pri:0, instance:com.herokuapp.theinternet.loginpagetest.NegativeLoginTests2@5b38c1ec]" started-at="2023-08-10T00:21:45 CST" name="tearDown" finished-at="2023-08-10T00:21:46 CST" duration-ms="249" status="PASS">
          <reporter-output>
          </reporter-output>
        </test-method> <!-- tearDown -->
      </class> <!-- com.herokuapp.theinternet.loginpagetest.NegativeLoginTests2 -->
    </test> <!-- NegativePasswordTest -->
  </suite> <!-- NegativeTestsSuite (0) -->
  <suite started-at="2023-08-10T00:21:24 CST" name="NegativeLogInTestSuite (0)" finished-at="2023-08-10T00:21:36 CST" duration-ms="12110">
    <groups>
    </groups>
    <test started-at="2023-08-10T00:21:24 CST" name="NegativePasswordTest-CH" finished-at="2023-08-10T00:21:33 CST" duration-ms="9054">
      <class name="com.herokuapp.theinternet.loginpagetest.NegativeLoggInTests">
        <test-method is-config="true" signature="setUp(java.lang.String,org.testng.ITestContext)[pri:0, instance:com.herokuapp.theinternet.loginpagetest.NegativeLoggInTests@5965d37]" started-at="2023-08-10T00:21:24 CST" name="setUp" finished-at="2023-08-10T00:21:26 CST" duration-ms="1915" status="PASS">
          <params>
            <param index="0">
              <value>
                <![CDATA[chrome]]>
              </value>
            </param>
            <param index="1">
              <value>
                <![CDATA[org.testng.TestRunner@433ffad1]]>
              </value>
            </param>
          </params>
          <reporter-output>
          </reporter-output>
        </test-method> <!-- setUp -->
        <test-method signature="negativeTest(java.lang.String,java.lang.String,java.lang.String)[pri:1, instance:com.herokuapp.theinternet.loginpagetest.NegativeLoggInTests@5965d37]" started-at="2023-08-10T00:21:26 CST" name="negativeTest" finished-at="2023-08-10T00:21:30 CST" duration-ms="4070" status="PASS">
          <params>
            <param index="0">
              <value>
                <![CDATA[tomsmith]]>
              </value>
            </param>
            <param index="1">
              <value>
                <![CDATA[incorrectPassword]]>
              </value>
            </param>
            <param index="2">
              <value>
                <![CDATA[Your password is invalid!]]>
              </value>
            </param>
          </params>
          <reporter-output>
          </reporter-output>
        </test-method> <!-- negativeTest -->
        <test-method is-config="true" signature="tearDown()[pri:0, instance:com.herokuapp.theinternet.loginpagetest.NegativeLoggInTests@5965d37]" started-at="2023-08-10T00:21:30 CST" name="tearDown" finished-at="2023-08-10T00:21:33 CST" duration-ms="3061" status="PASS">
          <reporter-output>
          </reporter-output>
        </test-method> <!-- tearDown -->
      </class> <!-- com.herokuapp.theinternet.loginpagetest.NegativeLoggInTests -->
    </test> <!-- NegativePasswordTest-CH -->
    <test started-at="2023-08-10T00:21:24 CST" name="NegativeUsernameTest-CH" finished-at="2023-08-10T00:21:35 CST" duration-ms="10699">
      <class name="com.herokuapp.theinternet.loginpagetest.NegativeLoggInTests">
        <test-method is-config="true" signature="setUp(java.lang.String,org.testng.ITestContext)[pri:0, instance:com.herokuapp.theinternet.loginpagetest.NegativeLoggInTests@4d1bf319]" started-at="2023-08-10T00:21:24 CST" name="setUp" finished-at="2023-08-10T00:21:26 CST" duration-ms="2038" status="PASS">
          <params>
            <param index="0">
              <value>
                <![CDATA[chrome]]>
              </value>
            </param>
            <param index="1">
              <value>
                <![CDATA[org.testng.TestRunner@324dcd31]]>
              </value>
            </param>
          </params>
          <reporter-output>
          </reporter-output>
        </test-method> <!-- setUp -->
        <test-method signature="negativeTest(java.lang.String,java.lang.String,java.lang.String)[pri:1, instance:com.herokuapp.theinternet.loginpagetest.NegativeLoggInTests@4d1bf319]" started-at="2023-08-10T00:21:26 CST" name="negativeTest" finished-at="2023-08-10T00:21:32 CST" duration-ms="5851" status="PASS">
          <params>
            <param index="0">
              <value>
                <![CDATA[incorrectUsername]]>
              </value>
            </param>
            <param index="1">
              <value>
                <![CDATA[SuperSecretPassword!]]>
              </value>
            </param>
            <param index="2">
              <value>
                <![CDATA[Your username is invalid!]]>
              </value>
            </param>
          </params>
          <reporter-output>
          </reporter-output>
        </test-method> <!-- negativeTest -->
        <test-method is-config="true" signature="tearDown()[pri:0, instance:com.herokuapp.theinternet.loginpagetest.NegativeLoggInTests@4d1bf319]" started-at="2023-08-10T00:21:32 CST" name="tearDown" finished-at="2023-08-10T00:21:35 CST" duration-ms="2808" status="PASS">
          <reporter-output>
          </reporter-output>
        </test-method> <!-- tearDown -->
      </class> <!-- com.herokuapp.theinternet.loginpagetest.NegativeLoggInTests -->
    </test> <!-- NegativeUsernameTest-CH -->
    <test started-at="2023-08-10T00:21:24 CST" name="NegativePasswordTest-FF" finished-at="2023-08-10T00:21:35 CST" duration-ms="11055">
      <class name="com.herokuapp.theinternet.loginpagetest.NegativeLoggInTests">
        <test-method is-config="true" signature="setUp(java.lang.String,org.testng.ITestContext)[pri:0, instance:com.herokuapp.theinternet.loginpagetest.NegativeLoggInTests@6cb107fd]" started-at="2023-08-10T00:21:24 CST" name="setUp" finished-at="2023-08-10T00:21:30 CST" duration-ms="6488" status="PASS">
          <params>
            <param index="0">
              <value>
                <![CDATA[firefox]]>
              </value>
            </param>
            <param index="1">
              <value>
                <![CDATA[org.testng.TestRunner@72bca894]]>
              </value>
            </param>
          </params>
          <reporter-output>
          </reporter-output>
        </test-method> <!-- setUp -->
        <test-method signature="negativeTest(java.lang.String,java.lang.String,java.lang.String)[pri:1, instance:com.herokuapp.theinternet.loginpagetest.NegativeLoggInTests@6cb107fd]" started-at="2023-08-10T00:21:30 CST" name="negativeTest" finished-at="2023-08-10T00:21:33 CST" duration-ms="2527" status="PASS">
          <params>
            <param index="0">
              <value>
                <![CDATA[tomsmith]]>
              </value>
            </param>
            <param index="1">
              <value>
                <![CDATA[incorrectPassword]]>
              </value>
            </param>
            <param index="2">
              <value>
                <![CDATA[Your password is invalid!]]>
              </value>
            </param>
          </params>
          <reporter-output>
          </reporter-output>
        </test-method> <!-- negativeTest -->
        <test-method is-config="true" signature="tearDown()[pri:0, instance:com.herokuapp.theinternet.loginpagetest.NegativeLoggInTests@6cb107fd]" started-at="2023-08-10T00:21:33 CST" name="tearDown" finished-at="2023-08-10T00:21:35 CST" duration-ms="2037" status="PASS">
          <reporter-output>
          </reporter-output>
        </test-method> <!-- tearDown -->
      </class> <!-- com.herokuapp.theinternet.loginpagetest.NegativeLoggInTests -->
    </test> <!-- NegativePasswordTest-FF -->
    <test started-at="2023-08-10T00:21:24 CST" name="NegativeUsernameTest-FF" finished-at="2023-08-10T00:21:36 CST" duration-ms="12110">
      <class name="com.herokuapp.theinternet.loginpagetest.NegativeLoggInTests">
        <test-method is-config="true" signature="setUp(java.lang.String,org.testng.ITestContext)[pri:0, instance:com.herokuapp.theinternet.loginpagetest.NegativeLoggInTests@6f01b95f]" started-at="2023-08-10T00:21:24 CST" name="setUp" finished-at="2023-08-10T00:21:33 CST" duration-ms="8774" status="PASS">
          <params>
            <param index="0">
              <value>
                <![CDATA[firefox]]>
              </value>
            </param>
            <param index="1">
              <value>
                <![CDATA[org.testng.TestRunner@503d56b5]]>
              </value>
            </param>
          </params>
          <reporter-output>
          </reporter-output>
        </test-method> <!-- setUp -->
        <test-method signature="negativeTest(java.lang.String,java.lang.String,java.lang.String)[pri:1, instance:com.herokuapp.theinternet.loginpagetest.NegativeLoggInTests@6f01b95f]" started-at="2023-08-10T00:21:33 CST" name="negativeTest" finished-at="2023-08-10T00:21:35 CST" duration-ms="2087" status="PASS">
          <params>
            <param index="0">
              <value>
                <![CDATA[incorrectUsername]]>
              </value>
            </param>
            <param index="1">
              <value>
                <![CDATA[SuperSecretPassword!]]>
              </value>
            </param>
            <param index="2">
              <value>
                <![CDATA[Your username is invalid!]]>
              </value>
            </param>
          </params>
          <reporter-output>
          </reporter-output>
        </test-method> <!-- negativeTest -->
        <test-method is-config="true" signature="tearDown()[pri:0, instance:com.herokuapp.theinternet.loginpagetest.NegativeLoggInTests@6f01b95f]" started-at="2023-08-10T00:21:35 CST" name="tearDown" finished-at="2023-08-10T00:21:36 CST" duration-ms="1246" status="PASS">
          <reporter-output>
          </reporter-output>
        </test-method> <!-- tearDown -->
      </class> <!-- com.herokuapp.theinternet.loginpagetest.NegativeLoggInTests -->
    </test> <!-- NegativeUsernameTest-FF -->
  </suite> <!-- NegativeLogInTestSuite (0) -->
  <suite started-at="2023-08-10T00:21:46 CST" name="NegativeTestsSuite (1)" finished-at="2023-08-10T00:21:49 CST" duration-ms="2991">
    <groups>
      <group name="smokeTests">
        <method signature="NegativeLoginTests.negativeUsernameTest()[pri:1, instance:com.herokuapp.theinternet.loginpagetest.NegativeLoginTests@55cb6996]" name="negativeUsernameTest" class="com.herokuapp.theinternet.loginpagetest.NegativeLoginTests"/>
      </group> <!-- smokeTests -->
      <group name="negativeTests">
        <method signature="NegativeLoginTests.negativeUsernameTest()[pri:1, instance:com.herokuapp.theinternet.loginpagetest.NegativeLoginTests@55cb6996]" name="negativeUsernameTest" class="com.herokuapp.theinternet.loginpagetest.NegativeLoginTests"/>
      </group> <!-- negativeTests -->
    </groups>
    <test started-at="2023-08-10T00:21:46 CST" name="NegativeLoginTests" finished-at="2023-08-10T00:21:49 CST" duration-ms="2991">
      <class name="com.herokuapp.theinternet.loginpagetest.NegativeLoginTests">
        <test-method is-config="true" signature="setUp(java.lang.String,org.testng.ITestContext)[pri:0, instance:com.herokuapp.theinternet.loginpagetest.NegativeLoginTests@55cb6996]" started-at="2023-08-10T00:21:46 CST" name="setUp" finished-at="2023-08-10T00:21:47 CST" duration-ms="980" status="PASS">
          <params>
            <param index="0">
              <value>
                <![CDATA[chrome]]>
              </value>
            </param>
            <param index="1">
              <value>
                <![CDATA[org.testng.TestRunner@1fc793c2]]>
              </value>
            </param>
          </params>
          <reporter-output>
          </reporter-output>
        </test-method> <!-- setUp -->
        <test-method signature="negativeUsernameTest()[pri:1, instance:com.herokuapp.theinternet.loginpagetest.NegativeLoginTests@55cb6996]" started-at="2023-08-10T00:21:47 CST" name="negativeUsernameTest" finished-at="2023-08-10T00:21:49 CST" duration-ms="2008" status="PASS">
          <reporter-output>
          </reporter-output>
        </test-method> <!-- negativeUsernameTest -->
        <test-method is-config="true" signature="tearDown()[pri:0, instance:com.herokuapp.theinternet.loginpagetest.NegativeLoginTests@55cb6996]" started-at="2023-08-10T00:21:49 CST" name="tearDown" finished-at="2023-08-10T00:21:49 CST" duration-ms="1" status="PASS">
          <reporter-output>
          </reporter-output>
        </test-method> <!-- tearDown -->
      </class> <!-- com.herokuapp.theinternet.loginpagetest.NegativeLoginTests -->
    </test> <!-- NegativeLoginTests -->
  </suite> <!-- NegativeTestsSuite (1) -->
</testng-results>
