<?xml version="1.0" encoding="UTF-8"?>
<!-- Generated by org.testng.reporters.JUnitXMLReporter -->
<testsuite ignored="1" hostname="LAPTOP-G67TU0C1" failures="0" tests="1" name="LoginTests" time="8.903" errors="0" timestamp="2023-06-01T10:39:51 CST">
  <testcase classname="com.herokuapp.theinternet.LoginTests" name="loginTest" time="8.845"/>
  <testcase classname="com.herokuapp.theinternet.LoginTests" name="negativeLoginTest" time="0.0">
    <ignored/>
  </testcase> <!-- negativeLoginTest -->
</testsuite> <!-- LoginTests -->
