<?xml version="1.0" encoding="UTF-8"?>
<!-- Generated by org.testng.reporters.JUnitXMLReporter -->
<testsuite ignored="1" hostname="LAPTOP-G67TU0C1" failures="0" tests="1" name="NegativeUsernameTest" time="2.914" errors="0" timestamp="2023-07-20T16:28:18 CST">
  <testcase classname="com.herokuapp.theinternet.loginpagetest.LoginTests" name="negativeLoginTest" time="1.935"/>
  <testcase classname="com.herokuapp.theinternet.loginpagetest.LoginTests" name="loginTest" time="0.0">
    <ignored/>
  </testcase> <!-- loginTest -->
</testsuite> <!-- NegativeUsernameTest -->
