<?xml version="1.0" encoding="UTF-8"?>
<testng-results ignored="0" total="1" passed="1" failed="0" skipped="0">
  <reporter-output>
  </reporter-output>
  <suite started-at="2023-08-23T17:23:51 CST" name="FileUploadTests" finished-at="2023-08-23T17:23:56 CST" duration-ms="5541">
    <groups>
    </groups>
    <test started-at="2023-08-23T17:23:51 CST" name="File Upload" finished-at="2023-08-23T17:23:56 CST" duration-ms="5541">
      <class name="com.herokuapp.theinternet.fileuploadtest.FileUploadTest">
        <test-method is-config="true" signature="setUp(java.lang.String,org.testng.ITestContext)[pri:0, instance:com.herokuapp.theinternet.fileuploadtest.FileUploadTest@2a265ea9]" started-at="2023-08-23T17:23:51 CST" name="setUp" finished-at="2023-08-23T17:23:53 CST" duration-ms="2331" status="PASS">
          <params>
            <param index="0">
              <value>
                <![CDATA[chrome]]>
              </value>
            </param>
            <param index="1">
              <value>
                <![CDATA[org.testng.TestRunner@35f3a22c]]>
              </value>
            </param>
          </params>
          <reporter-output>
          </reporter-output>
        </test-method> <!-- setUp -->
        <test-method signature="uploadFileTest()[pri:0, instance:com.herokuapp.theinternet.fileuploadtest.FileUploadTest@2a265ea9]" started-at="2023-08-23T17:23:53 CST" name="uploadFileTest" finished-at="2023-08-23T17:23:56 CST" duration-ms="2961" status="PASS">
          <reporter-output>
          </reporter-output>
        </test-method> <!-- uploadFileTest -->
        <test-method is-config="true" signature="tearDown()[pri:0, instance:com.herokuapp.theinternet.fileuploadtest.FileUploadTest@2a265ea9]" started-at="2023-08-23T17:23:56 CST" name="tearDown" finished-at="2023-08-23T17:23:56 CST" duration-ms="200" status="PASS">
          <reporter-output>
          </reporter-output>
        </test-method> <!-- tearDown -->
      </class> <!-- com.herokuapp.theinternet.fileuploadtest.FileUploadTest -->
    </test> <!-- File Upload -->
  </suite> <!-- FileUploadTests -->
</testng-results>
