<?xml version="1.0" encoding="UTF-8"?>
<testng-results ignored="0" total="3" passed="3" failed="0" skipped="0">
  <reporter-output>
  </reporter-output>
  <suite started-at="2023-07-24T17:13:10 CST" name="AllTests" finished-at="2023-07-24T17:13:22 CST" duration-ms="11999">
    <groups>
      <group name="smokeTests">
        <method signature="NegativeLoginTests.negativeUsernameTest()[pri:1, instance:com.herokuapp.theinternet.loginpagetest.NegativeLoginTests@6e6f2380]" name="negativeUsernameTest" class="com.herokuapp.theinternet.loginpagetest.NegativeLoginTests"/>
      </group> <!-- smokeTests -->
      <group name="negativeTests">
        <method signature="NegativeLoginTests.negativeUsernameTest()[pri:1, instance:com.herokuapp.theinternet.loginpagetest.NegativeLoginTests@6e6f2380]" name="negativeUsernameTest" class="com.herokuapp.theinternet.loginpagetest.NegativeLoginTests"/>
        <method signature="NegativeLoginTests.negativePasswordTest()[pri:2, instance:com.herokuapp.theinternet.loginpagetest.NegativeLoginTests@6e6f2380]" name="negativePasswordTest" class="com.herokuapp.theinternet.loginpagetest.NegativeLoginTests"/>
      </group> <!-- negativeTests -->
    </groups>
    <test started-at="2023-07-24T17:13:10 CST" name="AllTests" finished-at="2023-07-24T17:13:22 CST" duration-ms="11999">
      <class name="com.herokuapp.theinternet.loginpagetest.NegativeLoginTests">
        <test-method signature="negativeUsernameTest()[pri:1, instance:com.herokuapp.theinternet.loginpagetest.NegativeLoginTests@6e6f2380]" started-at="2023-07-24T17:13:10 CST" name="negativeUsernameTest" finished-at="2023-07-24T17:13:16 CST" duration-ms="6252" status="PASS">
          <reporter-output>
          </reporter-output>
        </test-method> <!-- negativeUsernameTest -->
        <test-method signature="negativePasswordTest()[pri:2, instance:com.herokuapp.theinternet.loginpagetest.NegativeLoginTests@6e6f2380]" started-at="2023-07-24T17:13:10 CST" name="negativePasswordTest" finished-at="2023-07-24T17:13:16 CST" duration-ms="6128" status="PASS">
          <reporter-output>
          </reporter-output>
        </test-method> <!-- negativePasswordTest -->
      </class> <!-- com.herokuapp.theinternet.loginpagetest.NegativeLoginTests -->
      <class name="com.herokuapp.theinternet.loginpagetest.PositiveLoginTests">
        <test-method is-config="true" signature="setUp(java.lang.String)[pri:0, instance:com.herokuapp.theinternet.loginpagetest.PositiveLoginTests@248e319b]" started-at="2023-07-24T17:13:10 CST" name="setUp" finished-at="2023-07-24T17:13:13 CST" duration-ms="2920" status="PASS">
          <params>
            <param index="0">
              <value>
                <![CDATA[chrome]]>
              </value>
            </param>
          </params>
          <reporter-output>
          </reporter-output>
        </test-method> <!-- setUp -->
        <test-method signature="loginTest()[pri:1, instance:com.herokuapp.theinternet.loginpagetest.PositiveLoginTests@248e319b]" started-at="2023-07-24T17:13:13 CST" name="loginTest" finished-at="2023-07-24T17:13:22 CST" duration-ms="8813" status="PASS">
          <reporter-output>
          </reporter-output>
        </test-method> <!-- loginTest -->
        <test-method is-config="true" signature="tearDown()[pri:0, instance:com.herokuapp.theinternet.loginpagetest.PositiveLoginTests@248e319b]" started-at="2023-07-24T17:13:22 CST" name="tearDown" finished-at="2023-07-24T17:13:22 CST" duration-ms="189" status="PASS">
          <reporter-output>
          </reporter-output>
        </test-method> <!-- tearDown -->
      </class> <!-- com.herokuapp.theinternet.loginpagetest.PositiveLoginTests -->
    </test> <!-- AllTests -->
  </suite> <!-- AllTests -->
</testng-results>
