<?xml version="1.0" encoding="UTF-8"?>
<!-- Generated by org.testng.reporters.JUnitXMLReporter -->
<testsuite ignored="0" hostname="LAPTOP-G67TU0C1" failures="1" tests="1" name="PositiveLoginTests" time="4.418" errors="0" timestamp="2023-07-20T19:34:23 CST">
  <testcase classname="com.herokuapp.theinternet.loginpagetest.PositiveLoginTests" name="loginTest" time="2.691">
    <failure type="java.lang.AssertionError" message="Message is not as expected expected [true] but found [false]">
      <![CDATA[java.lang.AssertionError: Message is not as expected expected [true] but found [false]
at com.herokuapp.theinternet.loginpagetest.PositiveLoginTests.loginTest(PositiveLoginTests.java:67)
at java.base/java.util.ArrayList.forEach(ArrayList.java:1541)
... Removed 30 stack frames]]>
    </failure>
  </testcase> <!-- loginTest -->
</testsuite> <!-- PositiveLoginTests -->
