<?xml version="1.0" encoding="UTF-8"?>
<!-- Generated by org.testng.reporters.JUnitXMLReporter -->
<testsuite ignored="0" hostname="LAPTOP-G67TU0C1" failures="0" tests="1" name="PositiveLoginTests" time="1.897" errors="0" timestamp="2023-07-21T19:02:11 CST">
  <testcase classname="com.herokuapp.theinternet.base.BaseTest" name="@BeforeMethod setUp" time="1.822">
    <failure type="java.lang.NullPointerException">
      <![CDATA[java.lang.NullPointerException
at com.herokuapp.theinternet.base.BaseTest.setUp(BaseTest.java:19)
at java.base/java.util.ArrayList.forEach(ArrayList.java:1541)
... Removed 31 stack frames]]>
    </failure>
  </testcase> <!-- @BeforeMethod setUp -->
  <testcase classname="com.herokuapp.theinternet.loginpagetest.PositiveLoginTests" name="loginTest" time="0.002">
    <skipped/>
  </testcase> <!-- loginTest -->
</testsuite> <!-- PositiveLoginTests -->
