<?xml version="1.0" encoding="UTF-8"?>
<!-- Generated by org.testng.reporters.JUnitXMLReporter -->
<testsuite ignored="4" hostname="LAPTOP-G67TU0C1" failures="0" tests="0" time="0.037" errors="0" timestamp="2023-09-25T16:41:15 CST">
  <testcase classname="com.herokuapp.theinternet.loginpagetest.ExceptionsTests" name="invalidElementStateExceptionTest" time="0.0">
    <ignored/>
  </testcase> <!-- invalidElementStateExceptionTest -->
  <testcase classname="com.herokuapp.theinternet.loginpagetest.ExceptionsTests" name="elementNotInteractableException" time="0.0">
    <ignored/>
  </testcase> <!-- elementNotInteractableException -->
  <testcase classname="com.herokuapp.theinternet.loginpagetest.ExceptionsTests" name="noSuchElementExceptionTest" time="0.0">
    <ignored/>
  </testcase> <!-- noSuchElementExceptionTest -->
  <testcase classname="com.herokuapp.theinternet.loginpagetest.ExceptionsTests" name="staleElementReferenceExceptionTest" time="0.0">
    <ignored/>
  </testcase> <!-- staleElementReferenceExceptionTest -->
</testsuite>
