<?xml version="1.0" encoding="UTF-8"?>
<!-- Generated by org.testng.reporters.JUnitXMLReporter -->
<testsuite ignored="0" hostname="LAPTOP-G67TU0C1" failures="0" tests="2" name="DebugLoginTests" time="23.095" errors="0" timestamp="2023-06-11T17:13:08 CST">
  <testcase classname="com.herokuapp.theinternet.ExceptionsTests" name="noSuchElementExceptionTest" time="11.772"/>
  <testcase classname="com.herokuapp.theinternet.ExceptionsTests" name="elementNotInteractableException" time="7.654"/>
</testsuite> <!-- DebugLoginTests -->
