<?xml version="1.0" encoding="UTF-8"?>
<!-- Generated by org.testng.reporters.JUnitXMLReporter -->
<testsuite ignored="0" hostname="LAPTOP-G67TU0C1" failures="1" tests="1" name="TestSuites" time="5.988" errors="0" timestamp="2023-07-26T22:21:10 CST">
  <testcase classname="com.herokuapp.theinternet.loginpagetest.NegativeLoginPOMTest" name="negativeLoginTest" time="2.999">
    <failure type="java.lang.AssertionError" message="Los mensajes son diferentes. Mensaje Actual:Your password is invalid!
× Mensaje Esperado:Your username is invalid! expected [true] but found [false]">
      <![CDATA[java.lang.AssertionError: Los mensajes son diferentes. Mensaje Actual:Your password is invalid!
× Mensaje Esperado:Your username is invalid! expected [true] but found [false]
at com.herokuapp.theinternet.loginpagetest.NegativeLoginPOMTest.negativeLoginTest(NegativeLoginPOMTest.java:31)
at java.base/java.util.concurrent.ThreadPoolExecutor.runWorker(ThreadPoolExecutor.java:1128)
at java.base/java.util.concurrent.ThreadPoolExecutor$Worker.run(ThreadPoolExecutor.java:628)
at java.base/java.lang.Thread.run(Thread.java:834)
... Removed 15 stack frames]]>
    </failure>
  </testcase> <!-- negativeLoginTest -->
</testsuite> <!-- TestSuites -->
