<?xml version="1.0" encoding="UTF-8"?>
<!-- Generated by org.testng.reporters.JUnitXMLReporter -->
<testsuite ignored="0" hostname="LAPTOP-G67TU0C1" failures="0" tests="2" name="NegativePasswordTest-FF" time="22.296" errors="0" timestamp="2023-07-25T21:59:26 CST">
  <testcase classname="com.herokuapp.theinternet.loginpagetest.NegativeLoginTests" name="negativeUsernameTest" time="6.295"/>
  <testcase classname="com.herokuapp.theinternet.loginpagetest.NegativeLoginTests" name="negativePasswordTest" time="3.052"/>
</testsuite> <!-- NegativePasswordTest-FF -->
