<?xml version="1.0" encoding="UTF-8"?>
<!-- Generated by org.testng.reporters.JUnitXMLReporter -->
<testsuite ignored="0" hostname="LAPTOP-G67TU0C1" failures="0" tests="2" name="NegativeUsernameTest-CH" time="20.267" errors="0" timestamp="2023-07-25T21:59:24 CST">
  <testcase classname="com.herokuapp.theinternet.loginpagetest.NegativeLoginTests" name="negativeUsernameTest" time="7.514"/>
  <testcase classname="com.herokuapp.theinternet.loginpagetest.NegativeLoginTests" name="negativePasswordTest" time="5.63"/>
</testsuite> <!-- NegativeUsernameTest-CH -->
