<?xml version="1.0" encoding="UTF-8"?>
<!-- Generated by org.testng.reporters.JUnitXMLReporter -->
<testsuite ignored="0" hostname="LAPTOP-G67TU0C1" failures="0" tests="5" name="NegativeUsernameTest-CH" time="23.524" errors="0" timestamp="2023-09-20T16:56:56 CST">
  <testcase classname="com.herokuapp.theinternet.loginpagetest.NegativeLoggInTests" name="negativeTest" time="4.672"/>
  <testcase classname="com.herokuapp.theinternet.loginpagetest.NegativeLoggInTests" name="negativeTest" time="2.088"/>
  <testcase classname="com.herokuapp.theinternet.loginpagetest.NegativeLoggInTests" name="negativeTest" time="2.543"/>
  <testcase classname="com.herokuapp.theinternet.loginpagetest.NegativeLoggInTests" name="negativeTest" time="2.526"/>
  <testcase classname="com.herokuapp.theinternet.loginpagetest.NegativeLoggInTests" name="negativeTest" time="1.925"/>
</testsuite> <!-- NegativeUsernameTest-CH -->
