<?xml version="1.0" encoding="UTF-8"?>
<!-- Generated by org.testng.reporters.JUnitXMLReporter -->
<testsuite ignored="0" hostname="LAPTOP-G67TU0C1" failures="0" tests="3" name="JS Alert Test" time="20.198" errors="0" timestamp="2023-08-02T16:16:15 CST">
  <testcase classname="com.herokuapp.theinternet.javascriptalertstest.JavascriptAlertsTests" name="javascriptAlertTest" time="1.801"/>
  <testcase classname="com.herokuapp.theinternet.javascriptalertstest.JavascriptAlertsTests" name="javascriptConfirmTest" time="1.861"/>
  <testcase classname="com.herokuapp.theinternet.javascriptalertstest.JavascriptAlertsTests" name="javascriptPromptTest" time="1.543"/>
</testsuite> <!-- JS Alert Test -->
