<?xml version="1.0" encoding="UTF-8"?>
<!-- Generated by org.testng.reporters.JUnitXMLReporter -->
<testsuite ignored="4" hostname="LAPTOP-G67TU0C1" failures="1" tests="1" name="JS Alert Test" time="7.832" errors="0" timestamp="2023-09-26T11:01:46 CST">
  <testcase classname="com.herokuapp.theinternet.javascriptalertstest.JavascriptAlertsTests" name="javascriptAlertTest" time="5.275">
    <failure type="java.lang.AssertionError" message="The following asserts failed:
	expected [I am a JS Alert!] but found [I am a JS Alert],
	The results are differents expected [You successfully clicked an alert!] but found [You successfully clicked an alert]">
      <![CDATA[java.lang.AssertionError: The following asserts failed:
expected [I am a JS Alert!] but found [I am a JS Alert],
The results are differents expected [You successfully clicked an alert!] but found [You successfully clicked an alert]
at com.herokuapp.theinternet.javascriptalertstest.JavascriptAlertsTests.javascriptAlertTest(JavascriptAlertsTests.java:44)
at java.base/java.util.ArrayList.forEach(ArrayList.java:1541)
... Removed 29 stack frames]]>
    </failure>
  </testcase> <!-- javascriptAlertTest -->
  <testcase classname="com.herokuapp.theinternet.javascriptalertstest.JavascriptAlertsTests" name="javascriptConfirmJSConfirmTest" time="0.0">
    <ignored/>
  </testcase> <!-- javascriptConfirmJSConfirmTest -->
  <testcase classname="com.herokuapp.theinternet.javascriptalertstest.JavascriptAlertsTests" name="javascriptCancelJSConfirmTest" time="0.0">
    <ignored/>
  </testcase> <!-- javascriptCancelJSConfirmTest -->
  <testcase classname="com.herokuapp.theinternet.javascriptalertstest.JavascriptAlertsTests" name="javascriptCancelJSPromptTest" time="0.0">
    <ignored/>
  </testcase> <!-- javascriptCancelJSPromptTest -->
  <testcase classname="com.herokuapp.theinternet.javascriptalertstest.JavascriptAlertsTests" name="javascriptConfirmJSPromptTest" time="0.0">
    <ignored/>
  </testcase> <!-- javascriptConfirmJSPromptTest -->
</testsuite> <!-- JS Alert Test -->
